C51 COMPILER V8.02   LED_FOR_KEY_IF_CTRL                                                   10/29/2015 22:13:07 PAGE 1   


C51 COMPILER V8.02, COMPILATION OF MODULE LED_FOR_KEY_IF_CTRL
OBJECT MODULE PLACED IN led_for_key_if_ctrl.OBJ
COMPILER INVOKED BY: C:\Keil\C51\BIN\C51.EXE led_for_key_if_ctrl.c BROWSE DEBUG OBJECTEXTEND

line level    source

   1          
   2          #include "reg51.h"
   3          #include "intrins.h"
   4          
   5          #define uint unsigned int 
   6          #define uchar unsigned char
   7          
   8          sbit   k1=P1^4;  //Define key match to port
   9          sbit   k2=P1^5;
  10          sbit   k3=P1^6;
  11          sbit   k4=P1^7;
  12          
  13          void DelayMS(uint presetTime){          //An inner Interface avoid for incorrect operation
  14   1              uchar i;
  15   1              while(presetTime--){
  16   2                      for (i = 0; i < 120; ++i)
  17   2                      {
  18   3                              /* code */
  19   3                      }
  20   2              }
  21   1      }
  22          
  23          
  24          void main(int argc, char const *argv[])
  25          {
  26   1              /* code */
  27   1              P0=0xfe;        //initiate port(p0&p2)
  28   1              P2=0xfe;
  29   1              P1=0xff;        //initiate port(p1):set ReadyStatus
  30   1      
  31   1      
  32   1              while(1){
  33   2                      /*Get focus on loop*/
  34   2                      if (k1==0)
  35   2                      {
  36   3                              /* code */
  37   3                              DelayMS(10);    //Earn more time Guarantee your correct operaion
  38   3                              if (k1==0)
  39   3                              {
  40   4                                      /* code */
  41   4                                      P0=_cror_(P0,1);        //Move to right
  42   4                              }
  43   3                      }
  44   2                      if (k2==0)
  45   2                      {
  46   3                              /* code */
  47   3                              DelayMS(10);
  48   3                              if (k2==0)
  49   3                              {
  50   4                                      /* code */
  51   4                                      P0=_crol_(P0,1);        //Move to left
  52   4                              }
  53   3                      }
  54   2                      if (k3==0)
  55   2                      {
C51 COMPILER V8.02   LED_FOR_KEY_IF_CTRL                                                   10/29/2015 22:13:07 PAGE 2   

  56   3                              /* code */
  57   3                              DelayMS(10);
  58   3                              if (k3==0)
  59   3                              {
  60   4                                      /* code */
  61   4                                      P2=_cror_(P2,1);        //Move to right
  62   4                              }
  63   3                      }
  64   2                      if (k4==0)
  65   2                      {
  66   3                              /* code */
  67   3                              DelayMS(10);
  68   3                              if (k4==0)
  69   3                              {
  70   4                                      /* code */
  71   4                                      P2=_crol_(P2,1);        //Move to left
  72   4                              }
  73   3                      }
  74   2      
  75   2      
  76   2              }
  77   1      
  78   1      }
*** WARNING C280 IN LINE 24 OF LED_FOR_KEY_IF_CTRL.C: 'argc': unreferenced local variable
*** WARNING C280 IN LINE 24 OF LED_FOR_KEY_IF_CTRL.C: 'argv': unreferenced local variable


MODULE INFORMATION:   STATIC OVERLAYABLE
   CODE SIZE        =    135    ----
   CONSTANT SIZE    =   ----    ----
   XDATA SIZE       =   ----    ----
   PDATA SIZE       =   ----    ----
   DATA SIZE        =   ----       5
   IDATA SIZE       =   ----    ----
   BIT SIZE         =   ----    ----
END OF MODULE INFORMATION.


C51 COMPILATION COMPLETE.  2 WARNING(S),  0 ERROR(S)
